d:\work\github\ppshuai_async_redis_cluster\src\async_redis_cluster\x64\debug\uv_a.pdb
d:\work\github\ppshuai_async_redis_cluster\src\async_redis_cluster\x64\debug\uv_a\handle.obj
d:\work\github\ppshuai_async_redis_cluster\src\async_redis_cluster\x64\debug\uv_a\getnameinfo.obj
d:\work\github\ppshuai_async_redis_cluster\src\async_redis_cluster\x64\debug\uv_a\getaddrinfo.obj
d:\work\github\ppshuai_async_redis_cluster\src\async_redis_cluster\x64\debug\uv_a\fs-event.obj
d:\work\github\ppshuai_async_redis_cluster\src\async_redis_cluster\x64\debug\uv_a\fs.obj
d:\work\github\ppshuai_async_redis_cluster\src\async_redis_cluster\x64\debug\uv_a\error.obj
d:\work\github\ppshuai_async_redis_cluster\src\async_redis_cluster\x64\debug\uv_a\dl.obj
d:\work\github\ppshuai_async_redis_cluster\src\async_redis_cluster\x64\debug\uv_a\detect-wakeup.obj
d:\work\github\ppshuai_async_redis_cluster\src\async_redis_cluster\x64\debug\uv_a\core.obj
d:\work\github\ppshuai_async_redis_cluster\src\async_redis_cluster\x64\debug\uv_a\async.obj
d:\work\github\ppshuai_async_redis_cluster\src\async_redis_cluster\x64\debug\uv_a\version.obj
d:\work\github\ppshuai_async_redis_cluster\src\async_redis_cluster\x64\debug\uv_a\uv-data-getter-setters.obj
d:\work\github\ppshuai_async_redis_cluster\src\async_redis_cluster\x64\debug\uv_a\uv-common.obj
d:\work\github\ppshuai_async_redis_cluster\src\async_redis_cluster\x64\debug\uv_a\timer.obj
d:\work\github\ppshuai_async_redis_cluster\src\async_redis_cluster\x64\debug\uv_a\threadpool.obj
d:\work\github\ppshuai_async_redis_cluster\src\async_redis_cluster\x64\debug\uv_a\strscpy.obj
d:\work\github\ppshuai_async_redis_cluster\src\async_redis_cluster\x64\debug\uv_a\random.obj
d:\work\github\ppshuai_async_redis_cluster\src\async_redis_cluster\x64\debug\uv_a\inet.obj
d:\work\github\ppshuai_async_redis_cluster\src\async_redis_cluster\x64\debug\uv_a\idna.obj
d:\work\github\ppshuai_async_redis_cluster\src\async_redis_cluster\x64\debug\uv_a\fs-poll.obj
d:\work\github\ppshuai_async_redis_cluster\src\async_redis_cluster\x64\debug\uv_a\winsock.obj
d:\work\github\ppshuai_async_redis_cluster\src\async_redis_cluster\x64\debug\uv_a\winapi.obj
d:\work\github\ppshuai_async_redis_cluster\src\async_redis_cluster\x64\debug\uv_a\util.obj
d:\work\github\ppshuai_async_redis_cluster\src\async_redis_cluster\x64\debug\uv_a\udp.obj
d:\work\github\ppshuai_async_redis_cluster\src\async_redis_cluster\x64\debug\uv_a\tty.obj
d:\work\github\ppshuai_async_redis_cluster\src\async_redis_cluster\x64\debug\uv_a\tcp.obj
d:\work\github\ppshuai_async_redis_cluster\src\async_redis_cluster\x64\debug\uv_a\stream.obj
d:\work\github\ppshuai_async_redis_cluster\src\async_redis_cluster\x64\debug\uv_a\snprintf.obj
d:\work\github\ppshuai_async_redis_cluster\src\async_redis_cluster\x64\debug\uv_a\signal.obj
d:\work\github\ppshuai_async_redis_cluster\src\async_redis_cluster\x64\debug\uv_a\process-stdio.obj
d:\work\github\ppshuai_async_redis_cluster\src\async_redis_cluster\x64\debug\uv_a\process.obj
d:\work\github\ppshuai_async_redis_cluster\src\async_redis_cluster\x64\debug\uv_a\poll.obj
d:\work\github\ppshuai_async_redis_cluster\src\async_redis_cluster\x64\debug\uv_a\thread.obj
d:\work\github\ppshuai_async_redis_cluster\src\async_redis_cluster\x64\debug\uv_a\pipe.obj
d:\work\github\ppshuai_async_redis_cluster\src\async_redis_cluster\x64\debug\uv_a\loop-watcher.obj
d:\work\github\ppshuai_async_redis_cluster\src\async_redis_cluster\x64\debug\uv_a.lib
d:\work\github\ppshuai_async_redis_cluster\src\async_redis_cluster\x64\debug\uv_a\uv_a.tlog\cl.command.1.tlog
d:\work\github\ppshuai_async_redis_cluster\src\async_redis_cluster\x64\debug\uv_a\uv_a.tlog\cl.read.1.tlog
d:\work\github\ppshuai_async_redis_cluster\src\async_redis_cluster\x64\debug\uv_a\uv_a.tlog\cl.write.1.tlog
d:\work\github\ppshuai_async_redis_cluster\src\async_redis_cluster\x64\debug\uv_a\uv_a.tlog\lib-link.read.1.tlog
d:\work\github\ppshuai_async_redis_cluster\src\async_redis_cluster\x64\debug\uv_a\uv_a.tlog\lib-link.write.1.tlog
d:\work\github\ppshuai_async_redis_cluster\src\async_redis_cluster\x64\debug\uv_a\uv_a.tlog\lib.command.1.tlog
