  fs-poll.c
D:\work\github\ppshuai_async_redis_cluster\src\async_redis_cluster\ThirdParty\libuv\libuv\src\win\winapi.h(4159,6): warning C4201: 使用了非标准扩展: 无名称的结构/联合
D:\work\github\ppshuai_async_redis_cluster\src\async_redis_cluster\ThirdParty\libuv\libuv\src\win\winapi.h(4167,4): warning C4201: 使用了非标准扩展: 无名称的结构/联合
..\libuv\src\fs-poll.c(200,31): warning C4244: “函数”: 从“ssize_t”转换到“int”，可能丢失数据
..\libuv\src\fs-poll.c(203,38): warning C4244: “=”: 从“ssize_t”转换到“int”，可能丢失数据
..\libuv\src\fs-poll.c(281,37): warning C4100: “loop”: 未引用的形参
  idna.c
..\libuv\src\idna.c(1,1): warning C4819: 该文件包含不能在当前代码页(936)中表示的字符。请将该文件保存为 Unicode 格式以防止数据丢失
..\libuv\src\idna.c(35,14): warning C4245: “return”: 从“int”转换到“unsigned int”，有符号/无符号不匹配
..\libuv\src\idna.c(69,14): warning C4245: “return”: 从“int”转换到“unsigned int”，有符号/无符号不匹配
..\libuv\src\idna.c(73,14): warning C4245: “return”: 从“int”转换到“unsigned int”，有符号/无符号不匹配
..\libuv\src\idna.c(81,14): warning C4245: “return”: 从“int”转换到“unsigned int”，有符号/无符号不匹配
..\libuv\src\idna.c(84,14): warning C4245: “return”: 从“int”转换到“unsigned int”，有符号/无符号不匹配
..\libuv\src\idna.c(87,14): warning C4245: “return”: 从“int”转换到“unsigned int”，有符号/无符号不匹配
..\libuv\src\idna.c(161,18): warning C4244: “=”: 从“unsigned int”转换到“char”，可能丢失数据
..\libuv\src\idna.c(181,11): warning C4245: “=”: 从“int”转换到“unsigned int”，有符号/无符号不匹配
..\libuv\src\idna.c(314,16): warning C4244: “return”: 从“__int64”转换到“long”，可能丢失数据
  inet.c
..\libuv\src\inet.c(133,11): warning C4996: 'sprintf': This function or variable may be unsafe. Consider using sprintf_s instead. To disable deprecation, use _CRT_SECURE_NO_WARNINGS. See online help for details.
..\libuv\src\inet.c(160,20): warning C4244: “=”: 从“__int64”转换到“int”，可能丢失数据
..\libuv\src\inet.c(193,15): warning C4244: “=”: 从“unsigned int”转换到“unsigned char”，可能丢失数据
..\libuv\src\inet.c(187,1): warning C4244: “初始化”: 从“__int64”转换到“unsigned int”，可能丢失数据
..\libuv\src\inet.c(283,1): warning C4244: “初始化”: 从“__int64”转换到“const int”，可能丢失数据
  random.c
D:\work\github\ppshuai_async_redis_cluster\src\async_redis_cluster\ThirdParty\libuv\libuv\src\win\winapi.h(4159,6): warning C4201: 使用了非标准扩展: 无名称的结构/联合
D:\work\github\ppshuai_async_redis_cluster\src\async_redis_cluster\ThirdParty\libuv\libuv\src\win\winapi.h(4167,4): warning C4201: 使用了非标准扩展: 无名称的结构/联合
  strscpy.c
  threadpool.c
..\libuv\src\threadpool.c(49,44): warning C4100: “w”: 未引用的形参
..\libuv\src\threadpool.c(199,9): warning C4996: 'getenv': This function or variable may be unsafe. Consider using _dupenv_s instead. To disable deprecation, use _CRT_SECURE_NO_WARNINGS. See online help for details.
..\libuv\src\threadpool.c(274,55): warning C4100: “req”: 未引用的形参
..\libuv\src\threadpool.c(304,11): warning C4459: “wq”的声明隐藏了全局声明
..\libuv\src\threadpool.c(41,14): message : 参见“wq”的声明
..\libuv\src\threadpool.c(309,3): warning C4456: “q”的声明隐藏了上一个本地声明
..\libuv\src\threadpool.c(303,10): message : 参见“q”的声明
  timer.c
  uv-common.c
..\libuv\src\uv-common.c(137,16): warning C4245: “return”: 从“int”转换到“size_t”，有符号/无符号不匹配
..\libuv\src\uv-common.c(145,16): warning C4245: “return”: 从“int”转换到“size_t”，有符号/无符号不匹配
..\libuv\src\uv-common.c(224,30): warning C4244: “函数”: 从“int”转换到“u_short”，可能丢失数据
..\libuv\src\uv-common.c(239,31): warning C4244: “函数”: 从“int”转换到“u_short”，可能丢失数据
..\libuv\src\uv-common.c(507,3): warning C4456: “q”的声明隐藏了上一个本地声明
..\libuv\src\uv-common.c(504,10): message : 参见“q”的声明
..\libuv\src\uv-common.c(682,23): warning C4244: “return”: 从“ssize_t”转换到“int”，可能丢失数据
  uv-data-getter-setters.c
  version.c
  async.c
D:\work\github\ppshuai_async_redis_cluster\src\async_redis_cluster\ThirdParty\libuv\libuv\src\win\winapi.h(4159,6): warning C4201: 使用了非标准扩展: 无名称的结构/联合
D:\work\github\ppshuai_async_redis_cluster\src\async_redis_cluster\ThirdParty\libuv\libuv\src\win\winapi.h(4167,4): warning C4201: 使用了非标准扩展: 无名称的结构/联合
..\libuv\src\win\async.c(31,35): warning C4100: “loop”: 未引用的形参
  core.c
D:\work\github\ppshuai_async_redis_cluster\src\async_redis_cluster\ThirdParty\libuv\libuv\src\win\winapi.h(4159,6): warning C4201: 使用了非标准扩展: 无名称的结构/联合
D:\work\github\ppshuai_async_redis_cluster\src\async_redis_cluster\ThirdParty\libuv\libuv\src\win\winapi.h(4167,4): warning C4201: 使用了非标准扩展: 无名称的结构/联合
..\libuv\src\win\core.c(50,62): warning C4100: “message”: 未引用的形参
..\libuv\src\win\core.c(76,15): warning C4100: “reserved”: 未引用的形参
..\libuv\src\win\core.c(75,65): warning C4100: “line”: 未引用的形参
..\libuv\src\win\core.c(75,46): warning C4100: “file”: 未引用的形参
..\libuv\src\win\core.c(75,20): warning C4100: “function”: 未引用的形参
..\libuv\src\win\core.c(74,62): warning C4100: “expression”: 未引用的形参
..\libuv\src\win\core.c(378,72): warning C4100: “ap”: 未引用的形参
..\libuv\src\win\core.c(391,36): warning C4100: “loop”: 未引用的形参
..\libuv\src\win\core.c(396,29): warning C4100: “loop”: 未引用的形参
..\libuv\src\win\core.c(460,29): warning C4244: “=”: 从“uint64_t”转换到“DWORD”，可能丢失数据
..\libuv\src\win\core.c(541,29): warning C4244: “=”: 从“uint64_t”转换到“DWORD”，可能丢失数据
  detect-wakeup.c
D:\work\github\ppshuai_async_redis_cluster\src\async_redis_cluster\ThirdParty\libuv\libuv\src\win\winapi.h(4159,6): warning C4201: 使用了非标准扩展: 无名称的结构/联合
D:\work\github\ppshuai_async_redis_cluster\src\async_redis_cluster\ThirdParty\libuv\libuv\src\win\winapi.h(4167,4): warning C4201: 使用了非标准扩展: 无名称的结构/联合
..\libuv\src\win\detect-wakeup.c(37,56): warning C4100: “Setting”: 未引用的形参
..\libuv\src\win\detect-wakeup.c(35,56): warning C4100: “Context”: 未引用的形参
  dl.c
D:\work\github\ppshuai_async_redis_cluster\src\async_redis_cluster\ThirdParty\libuv\libuv\src\win\winapi.h(4159,6): warning C4201: 使用了非标准扩展: 无名称的结构/联合
D:\work\github\ppshuai_async_redis_cluster\src\async_redis_cluster\ThirdParty\libuv\libuv\src\win\winapi.h(4167,4): warning C4201: 使用了非标准扩展: 无名称的结构/联合
  error.c
D:\work\github\ppshuai_async_redis_cluster\src\async_redis_cluster\ThirdParty\libuv\libuv\src\win\winapi.h(4159,6): warning C4201: 使用了非标准扩展: 无名称的结构/联合
D:\work\github\ppshuai_async_redis_cluster\src\async_redis_cluster\ThirdParty\libuv\libuv\src\win\winapi.h(4167,4): warning C4201: 使用了非标准扩展: 无名称的结构/联合
  fs.c
D:\work\github\ppshuai_async_redis_cluster\src\async_redis_cluster\ThirdParty\libuv\libuv\src\win\winapi.h(4159,6): warning C4201: 使用了非标准扩展: 无名称的结构/联合
D:\work\github\ppshuai_async_redis_cluster\src\async_redis_cluster\ThirdParty\libuv\libuv\src\win\winapi.h(4167,4): warning C4201: 使用了非标准扩展: 无名称的结构/联合
..\libuv\src\win\fs.c(104,23): warning C4244: “+=”: 从“double”转换到“long”，可能丢失数据
..\libuv\src\win\fs.c(208,44): warning C4244: “函数”: 从“ssize_t”转换到“int”，可能丢失数据
..\libuv\src\win\fs.c(222,48): warning C4244: “函数”: 从“ssize_t”转换到“int”，可能丢失数据
..\libuv\src\win\fs.c(419,36): warning C4267: “=”: 从“size_t”转换到“DWORD”，可能丢失数据
..\libuv\src\win\fs.c(476,19): warning C4996: 'umask': The POSIX name for this item is deprecated. Instead, use the ISO C and C++ conformant name: _umask. See online help for details.
..\libuv\src\win\fs.c(477,3): warning C4996: 'umask': The POSIX name for this item is deprecated. Instead, use the ISO C and C++ conformant name: _umask. See online help for details.
..\libuv\src\win\fs.c(1276,9): warning C4996: 'wcstombs': This function or variable may be unsafe. Consider using wcstombs_s instead. To disable deprecation, use _CRT_SECURE_NO_WARNINGS. See online help for details.
..\libuv\src\win\fs.c(1347,7): warning C4245: “=”: 从“int”转换到“DWORD”，有符号/无符号不匹配
..\libuv\src\win\fs.c(1388,74): warning C4210: 使用了非标准扩展: 函数给定文件范围
..\libuv\src\win\fs.c(1459,52): warning C4267: “函数”: 从“size_t”转换到“int”，可能丢失数据
..\libuv\src\win\fs.c(1491,40): warning C4267: “函数”: 从“size_t”转换到“int”，可能丢失数据
..\libuv\src\win\fs.c(1493,39): warning C4267: “函数”: 从“size_t”转换到“int”，可能丢失数据
..\libuv\src\win\fs.c(1613,3): warning C4996: '_snwprintf': This function or variable may be unsafe. Consider using _snwprintf_s instead. To disable deprecation, use _CRT_SECURE_NO_WARNINGS. See online help for details.
..\libuv\src\win\fs.c(2122,66): warning C4267: “函数”: 从“size_t”转换到“unsigned int”，可能丢失数据
..\libuv\src\win\fs.c(2168,5): warning C4245: “=”: 从“int”转换到“DWORD”，有符号/无符号不匹配
..\libuv\src\win\fs.c(2272,1): warning C4244: “初始化”: 从“double”转换到“int64_t”，可能丢失数据
..\libuv\src\win\fs.c(2273,1): warning C4244: “初始化”: 从“double”转换到“int64_t”，可能丢失数据
..\libuv\src\win\fs.c(2392,28): warning C4267: “=”: 从“size_t”转换到“int”，可能丢失数据
..\libuv\src\win\fs.c(2449,79): warning C4267: “=”: 从“size_t”转换到“USHORT”，可能丢失数据
..\libuv\src\win\fs.c(2450,77): warning C4267: “=”: 从“size_t”转换到“USHORT”，可能丢失数据
..\libuv\src\win\fs.c(2478,74): warning C4267: “=”: 从“size_t”转换到“USHORT”，可能丢失数据
..\libuv\src\win\fs.c(2479,72): warning C4267: “=”: 从“size_t”转换到“USHORT”，可能丢失数据
..\libuv\src\win\fs.c(2492,45): warning C4244: “=”: 从“int”转换到“USHORT”，可能丢失数据
..\libuv\src\win\fs.c(2427,3): warning C4996: 'wcsncpy': This function or variable may be unsafe. Consider using wcsncpy_s instead. To disable deprecation, use _CRT_SECURE_NO_WARNINGS. See online help for details.
..\libuv\src\win\fs.c(2748,31): warning C4267: “函数”: 从“size_t”转换到“DWORD”，可能丢失数据
..\libuv\src\win\fs.c(2897,23): warning C4244: “return”: 从“ssize_t”转换到“int”，可能丢失数据
..\libuv\src\win\fs.c(2902,3): warning C4244: “return”: 从“ssize_t”转换到“int”，可能丢失数据
..\libuv\src\win\fs.c(2909,3): warning C4244: “return”: 从“ssize_t”转换到“int”，可能丢失数据
..\libuv\src\win\fs.c(2942,3): warning C4244: “return”: 从“ssize_t”转换到“int”，可能丢失数据
..\libuv\src\win\fs.c(2975,3): warning C4244: “return”: 从“ssize_t”转换到“int”，可能丢失数据
..\libuv\src\win\fs.c(2987,23): warning C4244: “return”: 从“ssize_t”转换到“int”，可能丢失数据
..\libuv\src\win\fs.c(2990,3): warning C4244: “return”: 从“ssize_t”转换到“int”，可能丢失数据
..\libuv\src\win\fs.c(3002,23): warning C4244: “return”: 从“ssize_t”转换到“int”，可能丢失数据
..\libuv\src\win\fs.c(3006,3): warning C4244: “return”: 从“ssize_t”转换到“int”，可能丢失数据
..\libuv\src\win\fs.c(3020,23): warning C4244: “return”: 从“ssize_t”转换到“int”，可能丢失数据
..\libuv\src\win\fs.c(3023,3): warning C4244: “return”: 从“ssize_t”转换到“int”，可能丢失数据
..\libuv\src\win\fs.c(3037,23): warning C4244: “return”: 从“ssize_t”转换到“int”，可能丢失数据
..\libuv\src\win\fs.c(3040,3): warning C4244: “return”: 从“ssize_t”转换到“int”，可能丢失数据
..\libuv\src\win\fs.c(3051,23): warning C4244: “return”: 从“ssize_t”转换到“int”，可能丢失数据
..\libuv\src\win\fs.c(3054,3): warning C4244: “return”: 从“ssize_t”转换到“int”，可能丢失数据
..\libuv\src\win\fs.c(3066,23): warning C4244: “return”: 从“ssize_t”转换到“int”，可能丢失数据
..\libuv\src\win\fs.c(3070,3): warning C4244: “return”: 从“ssize_t”转换到“int”，可能丢失数据
..\libuv\src\win\fs.c(3083,23): warning C4244: “return”: 从“ssize_t”转换到“int”，可能丢失数据
..\libuv\src\win\fs.c(3085,3): warning C4244: “return”: 从“ssize_t”转换到“int”，可能丢失数据
..\libuv\src\win\fs.c(3102,3): warning C4244: “return”: 从“ssize_t”转换到“int”，可能丢失数据
..\libuv\src\win\fs.c(3115,3): warning C4244: “return”: 从“ssize_t”转换到“int”，可能丢失数据
..\libuv\src\win\fs.c(3126,23): warning C4244: “return”: 从“ssize_t”转换到“int”，可能丢失数据
..\libuv\src\win\fs.c(3129,3): warning C4244: “return”: 从“ssize_t”转换到“int”，可能丢失数据
..\libuv\src\win\fs.c(3141,23): warning C4244: “return”: 从“ssize_t”转换到“int”，可能丢失数据
..\libuv\src\win\fs.c(3145,3): warning C4244: “return”: 从“ssize_t”转换到“int”，可能丢失数据
..\libuv\src\win\fs.c(3157,23): warning C4244: “return”: 从“ssize_t”转换到“int”，可能丢失数据
..\libuv\src\win\fs.c(3160,3): warning C4244: “return”: 从“ssize_t”转换到“int”，可能丢失数据
..\libuv\src\win\fs.c(3178,23): warning C4244: “return”: 从“ssize_t”转换到“int”，可能丢失数据
..\libuv\src\win\fs.c(3181,3): warning C4244: “return”: 从“ssize_t”转换到“int”，可能丢失数据
..\libuv\src\win\fs.c(3193,23): warning C4244: “return”: 从“ssize_t”转换到“int”，可能丢失数据
..\libuv\src\win\fs.c(3196,3): warning C4244: “return”: 从“ssize_t”转换到“int”，可能丢失数据
..\libuv\src\win\fs.c(3186,14): warning C4100: “gid”: 未引用的形参
..\libuv\src\win\fs.c(3185,75): warning C4100: “uid”: 未引用的形参
..\libuv\src\win\fs.c(3203,3): warning C4244: “return”: 从“ssize_t”转换到“int”，可能丢失数据
..\libuv\src\win\fs.c(3201,14): warning C4100: “gid”: 未引用的形参
..\libuv\src\win\fs.c(3200,70): warning C4100: “uid”: 未引用的形参
..\libuv\src\win\fs.c(3200,57): warning C4100: “fd”: 未引用的形参
..\libuv\src\win\fs.c(3215,23): warning C4244: “return”: 从“ssize_t”转换到“int”，可能丢失数据
..\libuv\src\win\fs.c(3218,3): warning C4244: “return”: 从“ssize_t”转换到“int”，可能丢失数据
..\libuv\src\win\fs.c(3208,14): warning C4100: “gid”: 未引用的形参
..\libuv\src\win\fs.c(3207,76): warning C4100: “uid”: 未引用的形参
..\libuv\src\win\fs.c(3229,23): warning C4244: “return”: 从“ssize_t”转换到“int”，可能丢失数据
..\libuv\src\win\fs.c(3232,3): warning C4244: “return”: 从“ssize_t”转换到“int”，可能丢失数据
..\libuv\src\win\fs.c(3243,23): warning C4244: “return”: 从“ssize_t”转换到“int”，可能丢失数据
..\libuv\src\win\fs.c(3246,3): warning C4244: “return”: 从“ssize_t”转换到“int”，可能丢失数据
..\libuv\src\win\fs.c(3253,3): warning C4244: “return”: 从“ssize_t”转换到“int”，可能丢失数据
..\libuv\src\win\fs.c(3265,23): warning C4244: “return”: 从“ssize_t”转换到“int”，可能丢失数据
..\libuv\src\win\fs.c(3268,3): warning C4244: “return”: 从“ssize_t”转换到“int”，可能丢失数据
..\libuv\src\win\fs.c(3275,3): warning C4244: “return”: 从“ssize_t”转换到“int”，可能丢失数据
..\libuv\src\win\fs.c(3282,3): warning C4244: “return”: 从“ssize_t”转换到“int”，可能丢失数据
..\libuv\src\win\fs.c(3291,3): warning C4244: “return”: 从“ssize_t”转换到“int”，可能丢失数据
..\libuv\src\win\fs.c(3315,23): warning C4244: “return”: 从“ssize_t”转换到“int”，可能丢失数据
..\libuv\src\win\fs.c(3319,3): warning C4244: “return”: 从“ssize_t”转换到“int”，可能丢失数据
..\libuv\src\win\fs.c(3329,38): warning C4267: “=”: 从“size_t”转换到“ULONG”，可能丢失数据
..\libuv\src\win\fs.c(3330,3): warning C4244: “return”: 从“ssize_t”转换到“int”，可能丢失数据
..\libuv\src\win\fs.c(3345,23): warning C4244: “return”: 从“ssize_t”转换到“int”，可能丢失数据
..\libuv\src\win\fs.c(3349,3): warning C4244: “return”: 从“ssize_t”转换到“int”，可能丢失数据
..\libuv\src\win\fs.c(3361,23): warning C4244: “return”: 从“ssize_t”转换到“int”，可能丢失数据
..\libuv\src\win\fs.c(3365,3): warning C4244: “return”: 从“ssize_t”转换到“int”，可能丢失数据
..\libuv\src\win\fs.c(3374,3): warning C4244: “return”: 从“ssize_t”转换到“int”，可能丢失数据
..\libuv\src\win\fs.c(3386,23): warning C4244: “return”: 从“ssize_t”转换到“int”，可能丢失数据
..\libuv\src\win\fs.c(3391,3): warning C4244: “return”: 从“ssize_t”转换到“int”，可能丢失数据
..\libuv\src\win\fs.c(3401,3): warning C4244: “return”: 从“ssize_t”转换到“int”，可能丢失数据
..\libuv\src\win\fs.c(3412,23): warning C4244: “return”: 从“ssize_t”转换到“int”，可能丢失数据
..\libuv\src\win\fs.c(3417,3): warning C4244: “return”: 从“ssize_t”转换到“int”，可能丢失数据
..\libuv\src\win\fs.c(3431,23): warning C4244: “return”: 从“ssize_t”转换到“int”，可能丢失数据
..\libuv\src\win\fs.c(3434,3): warning C4244: “return”: 从“ssize_t”转换到“int”，可能丢失数据
  fs-event.c
D:\work\github\ppshuai_async_redis_cluster\src\async_redis_cluster\ThirdParty\libuv\libuv\src\win\winapi.h(4159,6): warning C4201: 使用了非标准扩展: 无名称的结构/联合
D:\work\github\ppshuai_async_redis_cluster\src\async_redis_cluster\ThirdParty\libuv\libuv\src\win\winapi.h(4167,4): warning C4201: 使用了非标准扩展: 无名称的结构/联合
..\libuv\src\win\fs-event.c(79,3): warning C4996: 'wcsncpy': This function or variable may be unsafe. Consider using wcsncpy_s instead. To disable deprecation, use _CRT_SECURE_NO_WARNINGS. See online help for details.
..\libuv\src\win\fs-event.c(117,13): warning C4996: 'wcsdup': The POSIX name for this item is deprecated. Instead, use the ISO C and C++ conformant name: _wcsdup. See online help for details.
..\libuv\src\win\fs-event.c(124,7): warning C4996: 'wcsncpy': This function or variable may be unsafe. Consider using wcsncpy_s instead. To disable deprecation, use _CRT_SECURE_NO_WARNINGS. See online help for details.
..\libuv\src\win\fs-event.c(132,5): warning C4996: 'wcsncpy': This function or variable may be unsafe. Consider using wcsncpy_s instead. To disable deprecation, use _CRT_SECURE_NO_WARNINGS. See online help for details.
..\libuv\src\win\fs-event.c(483,62): warning C4267: “=”: 从“size_t”转换到“int”，可能丢失数据
..\libuv\src\win\fs-event.c(490,15): warning C4996: '_snwprintf': This function or variable may be unsafe. Consider using _snwprintf_s instead. To disable deprecation, use _CRT_SECURE_NO_WARNINGS. See online help for details.
..\libuv\src\win\fs-event.c(597,38): warning C4100: “loop”: 未引用的形参
  getaddrinfo.c
D:\work\github\ppshuai_async_redis_cluster\src\async_redis_cluster\ThirdParty\libuv\libuv\src\win\winapi.h(4159,6): warning C4201: 使用了非标准扩展: 无名称的结构/联合
D:\work\github\ppshuai_async_redis_cluster\src\async_redis_cluster\ThirdParty\libuv\libuv\src\win\winapi.h(4167,4): warning C4201: 使用了非标准扩展: 无名称的结构/联合
..\libuv\src\win\getaddrinfo.c(132,50): warning C4267: “+=”: 从“size_t”转换到“int”，可能丢失数据
..\libuv\src\win\getaddrinfo.c(434,38): warning C4267: “函数”: 从“size_t”转换到“int”，可能丢失数据
  getnameinfo.c
D:\work\github\ppshuai_async_redis_cluster\src\async_redis_cluster\ThirdParty\libuv\libuv\src\win\winapi.h(4159,6): warning C4201: 使用了非标准扩展: 无名称的结构/联合
D:\work\github\ppshuai_async_redis_cluster\src\async_redis_cluster\ThirdParty\libuv\libuv\src\win\winapi.h(4167,4): warning C4201: 使用了非标准扩展: 无名称的结构/联合
  handle.c
D:\work\github\ppshuai_async_redis_cluster\src\async_redis_cluster\ThirdParty\libuv\libuv\src\win\winapi.h(4159,6): warning C4201: 使用了非标准扩展: 无名称的结构/联合
D:\work\github\ppshuai_async_redis_cluster\src\async_redis_cluster\ThirdParty\libuv\libuv\src\win\winapi.h(4167,4): warning C4201: 使用了非标准扩展: 无名称的结构/联合
  正在生成代码...
D:\work\github\ppshuai_async_redis_cluster\src\async_redis_cluster\ThirdParty\libuv\libuv\src\win\fs.c(909): warning C4701: 使用了可能未初始化的局部变量“original_position”
D:\work\github\ppshuai_async_redis_cluster\src\async_redis_cluster\ThirdParty\libuv\libuv\src\win\fs.c(1114): warning C4701: 使用了可能未初始化的局部变量“original_position”
D:\work\github\ppshuai_async_redis_cluster\src\async_redis_cluster\ThirdParty\libuv\libuv\src\win\core.c(460): warning C4701: 使用了可能未初始化的局部变量“user_timeout”
D:\work\github\ppshuai_async_redis_cluster\src\async_redis_cluster\ThirdParty\libuv\libuv\src\win\core.c(541): warning C4701: 使用了可能未初始化的局部变量“user_timeout”
  正在编译...
  loop-watcher.c
D:\work\github\ppshuai_async_redis_cluster\src\async_redis_cluster\ThirdParty\libuv\libuv\src\win\winapi.h(4159,6): warning C4201: 使用了非标准扩展: 无名称的结构/联合
D:\work\github\ppshuai_async_redis_cluster\src\async_redis_cluster\ThirdParty\libuv\libuv\src\win\winapi.h(4167,4): warning C4201: 使用了非标准扩展: 无名称的结构/联合
..\libuv\src\win\loop-watcher.c(29,42): warning C4100: “loop”: 未引用的形参
  pipe.c
D:\work\github\ppshuai_async_redis_cluster\src\async_redis_cluster\ThirdParty\libuv\libuv\src\win\winapi.h(4159,6): warning C4201: 使用了非标准扩展: 无名称的结构/联合
D:\work\github\ppshuai_async_redis_cluster\src\async_redis_cluster\ThirdParty\libuv\libuv\src\win\winapi.h(4167,4): warning C4201: 使用了非标准扩展: 无名称的结构/联合
..\libuv\src\win\pipe.c(194,5): warning C4996: 'close': The POSIX name for this item is deprecated. Instead, use the ISO C and C++ conformant name: _close. See online help for details.
..\libuv\src\win\pipe.c(631,34): warning C4100: “loop”: 未引用的形参
..\libuv\src\win\pipe.c(1109,44): warning C4100: “backlog”: 未引用的形参
..\libuv\src\win\pipe.c(1258,68): warning C4244: “函数”: 从“ULONG_PTR”转换到“DWORD”，可能丢失数据
..\libuv\src\win\pipe.c(1277,68): warning C4244: “函数”: 从“ULONG_PTR”转换到“DWORD”，可能丢失数据
..\libuv\src\win\pipe.c(1769,42): warning C4100: “loop”: 未引用的形参
..\libuv\src\win\pipe.c(1781,44): warning C4100: “loop”: 未引用的形参
..\libuv\src\win\pipe.c(2370,32): warning C4267: “=”: 从“size_t”转换到“unsigned int”，可能丢失数据
..\libuv\src\win\pipe.c(2496,54): warning C4267: “函数”: 从“size_t”转换到“int”，可能丢失数据
  thread.c
D:\work\github\ppshuai_async_redis_cluster\src\async_redis_cluster\ThirdParty\libuv\libuv\src\win\winapi.h(4159,6): warning C4201: 使用了非标准扩展: 无名称的结构/联合
D:\work\github\ppshuai_async_redis_cluster\src\async_redis_cluster\ThirdParty\libuv\libuv\src\win\winapi.h(4167,4): warning C4201: 使用了非标准扩展: 无名称的结构/联合
..\libuv\src\win\thread.c(267,37): warning C4100: “rwlock”: 未引用的形参
  poll.c
D:\work\github\ppshuai_async_redis_cluster\src\async_redis_cluster\ThirdParty\libuv\libuv\src\win\winapi.h(4159,6): warning C4201: 使用了非标准扩展: 无名称的结构/联合
D:\work\github\ppshuai_async_redis_cluster\src\async_redis_cluster\ThirdParty\libuv\libuv\src\win\winapi.h(4167,4): warning C4201: 使用了非标准扩展: 无名称的结构/联合
..\libuv\src\win\poll.c(496,26): warning C4244: “=”: 从“int”转换到“unsigned char”，可能丢失数据
..\libuv\src\win\poll.c(579,34): warning C4100: “loop”: 未引用的形参
  process.c
D:\work\github\ppshuai_async_redis_cluster\src\async_redis_cluster\ThirdParty\libuv\libuv\src\win\winapi.h(4159,6): warning C4201: 使用了非标准扩展: 无名称的结构/联合
D:\work\github\ppshuai_async_redis_cluster\src\async_redis_cluster\ThirdParty\libuv\libuv\src\win\winapi.h(4167,4): warning C4201: 使用了非标准扩展: 无名称的结构/联合
..\libuv\src\win\process.c(204,3): warning C4996: 'wcsncpy': This function or variable may be unsafe. Consider using wcsncpy_s instead. To disable deprecation, use _CRT_SECURE_NO_WARNINGS. See online help for details.
..\libuv\src\win\process.c(214,3): warning C4996: 'wcsncpy': This function or variable may be unsafe. Consider using wcsncpy_s instead. To disable deprecation, use _CRT_SECURE_NO_WARNINGS. See online help for details.
..\libuv\src\win\process.c(224,3): warning C4996: 'wcsncpy': This function or variable may be unsafe. Consider using wcsncpy_s instead. To disable deprecation, use _CRT_SECURE_NO_WARNINGS. See online help for details.
..\libuv\src\win\process.c(235,5): warning C4996: 'wcsncpy': This function or variable may be unsafe. Consider using wcsncpy_s instead. To disable deprecation, use _CRT_SECURE_NO_WARNINGS. See online help for details.
..\libuv\src\win\process.c(470,5): warning C4996: 'wcsncpy': This function or variable may be unsafe. Consider using wcsncpy_s instead. To disable deprecation, use _CRT_SECURE_NO_WARNINGS. See online help for details.
..\libuv\src\win\process.c(481,5): warning C4996: 'wcsncpy': This function or variable may be unsafe. Consider using wcsncpy_s instead. To disable deprecation, use _CRT_SECURE_NO_WARNINGS. See online help for details.
..\libuv\src\win\process.c(522,3): warning C4996: 'wcsrev': The POSIX name for this item is deprecated. Instead, use the ISO C and C++ conformant name: _wcsrev. See online help for details.
..\libuv\src\win\process.c(596,7): warning C4996: 'wcscpy': This function or variable may be unsafe. Consider using wcscpy_s instead. To disable deprecation, use _CRT_SECURE_NO_WARNINGS. See online help for details.
..\libuv\src\win\process.c(635,16): warning C4244: “=”: 从“__int64”转换到“int”，可能丢失数据
..\libuv\src\win\process.c(700,12): warning C4456: “len”的声明隐藏了上一个本地声明
..\libuv\src\win\process.c(689,7): message : 参见“len”的声明
..\libuv\src\win\process.c(755,44): warning C4267: “函数”: 从“size_t”转换到“int”，可能丢失数据
..\libuv\src\win\process.c(791,45): warning C4267: “函数”: 从“size_t”转换到“int”，可能丢失数据
..\libuv\src\win\process.c(810,34): warning C4267: “=”: 从“size_t”转换到“int”，可能丢失数据
..\libuv\src\win\process.c(798,9): warning C4996: 'wcscpy': This function or variable may be unsafe. Consider using wcscpy_s instead. To disable deprecation, use _CRT_SECURE_NO_WARNINGS. See online help for details.
..\libuv\src\win\process.c(926,37): warning C4100: “loop”: 未引用的形参
..\libuv\src\win\process.c(1139,17): warning C4456: “err”的声明隐藏了上一个本地声明
..\libuv\src\win\process.c(942,7): message : 参见“err”的声明
  process-stdio.c
D:\work\github\ppshuai_async_redis_cluster\src\async_redis_cluster\ThirdParty\libuv\libuv\src\win\winapi.h(4159,6): warning C4201: 使用了非标准扩展: 无名称的结构/联合
D:\work\github\ppshuai_async_redis_cluster\src\async_redis_cluster\ThirdParty\libuv\libuv\src\win\winapi.h(4167,4): warning C4201: 使用了非标准扩展: 无名称的结构/联合
..\libuv\src\win\process-stdio.c(98,44): warning C4100: “loop”: 未引用的形参
  signal.c
D:\work\github\ppshuai_async_redis_cluster\src\async_redis_cluster\ThirdParty\libuv\libuv\src\win\winapi.h(4159,6): warning C4201: 使用了非标准扩展: 无名称的结构/联合
D:\work\github\ppshuai_async_redis_cluster\src\async_redis_cluster\ThirdParty\libuv\libuv\src\win\winapi.h(4167,4): warning C4201: 使用了非标准扩展: 无名称的结构/联合
..\libuv\src\win\signal.c(272,36): warning C4100: “loop”: 未引用的形参
  snprintf.c
..\libuv\src\win\snprintf.c(43,1): warning C4206: 使用了非标准扩展: 翻译单元为空
  stream.c
D:\work\github\ppshuai_async_redis_cluster\src\async_redis_cluster\ThirdParty\libuv\libuv\src\win\winapi.h(4159,6): warning C4201: 使用了非标准扩展: 无名称的结构/联合
D:\work\github\ppshuai_async_redis_cluster\src\async_redis_cluster\ThirdParty\libuv\libuv\src\win\winapi.h(4167,4): warning C4201: 使用了非标准扩展: 无名称的结构/联合
  tcp.c
D:\work\github\ppshuai_async_redis_cluster\src\async_redis_cluster\ThirdParty\libuv\libuv\src\win\winapi.h(4159,6): warning C4201: 使用了非标准扩展: 无名称的结构/联合
D:\work\github\ppshuai_async_redis_cluster\src\async_redis_cluster\ThirdParty\libuv\libuv\src\win\winapi.h(4167,4): warning C4201: 使用了非标准扩展: 无名称的结构/联合
..\libuv\src\win\tcp.c(48,38): warning C4100: “handle”: 未引用的形参
..\libuv\src\win\tcp.c(60,40): warning C4100: “handle”: 未引用的形参
..\libuv\src\win\tcp.c(363,68): warning C4244: “函数”: 从“ULONG_PTR”转换到“DWORD”，可能丢失数据
..\libuv\src\win\tcp.c(382,68): warning C4244: “函数”: 从“ULONG_PTR”转换到“DWORD”，可能丢失数据
  tty.c
D:\work\github\ppshuai_async_redis_cluster\src\async_redis_cluster\ThirdParty\libuv\libuv\src\win\winapi.h(4159,6): warning C4201: 使用了非标准扩展: 无名称的结构/联合
D:\work\github\ppshuai_async_redis_cluster\src\async_redis_cluster\ThirdParty\libuv\libuv\src\win\winapi.h(4167,4): warning C4201: 使用了非标准扩展: 无名称的结构/联合
..\libuv\src\win\tty.c(981,1): warning C4244: “初始化”: 从“ULONG_PTR”转换到“DWORD”，可能丢失数据
..\libuv\src\win\tty.c(1122,47): warning C4244: “=”: 从“UINT”转换到“WORD”，可能丢失数据
..\libuv\src\win\tty.c(1158,48): warning C4100: “handle”: 未引用的形参
..\libuv\src\win\tty.c(1362,57): warning C4244: “函数”: 从“int”转换到“unsigned char”，可能丢失数据
..\libuv\src\win\tty.c(1362,66): warning C4244: “函数”: 从“int”转换到“unsigned char”，可能丢失数据
..\libuv\src\win\tty.c(1363,55): warning C4244: “函数”: 从“int”转换到“unsigned char”，可能丢失数据
..\libuv\src\win\tty.c(1363,64): warning C4244: “函数”: 从“int”转换到“unsigned char”，可能丢失数据
..\libuv\src\win\tty.c(1459,26): warning C4244: “=”: 从“int”转换到“char”，可能丢失数据
..\libuv\src\win\tty.c(1468,26): warning C4244: “=”: 从“int”转换到“char”，可能丢失数据
..\libuv\src\win\tty.c(1478,26): warning C4244: “=”: 从“int”转换到“char”，可能丢失数据
..\libuv\src\win\tty.c(1483,27): warning C4244: “=”: 从“int”转换到“char”，可能丢失数据
..\libuv\src\win\tty.c(1571,30): warning C4244: “=”: 从“int”转换到“SHORT”，可能丢失数据
..\libuv\src\win\tty.c(1892,64): warning C4244: “=”: 从“unsigned int”转换到“unsigned short”，可能丢失数据
..\libuv\src\win\tty.c(2219,37): warning C4267: “return”: 从“size_t”转换到“int”，可能丢失数据
..\libuv\src\win\tty.c(2255,5): warning C4996: 'close': The POSIX name for this item is deprecated. Instead, use the ISO C and C++ conformant name: _close. See online help for details.
..\libuv\src\win\tty.c(2287,33): warning C4100: “loop”: 未引用的形参
..\libuv\src\win\tty.c(2306,15): warning C4100: “raw_req”: 未引用的形参
..\libuv\src\win\tty.c(2305,60): warning C4100: “handle”: 未引用的形参
..\libuv\src\win\tty.c(2305,44): warning C4100: “loop”: 未引用的形参
..\libuv\src\win\tty.c(2316,19): warning C4100: “req”: 未引用的形参
..\libuv\src\win\tty.c(2315,61): warning C4100: “handle”: 未引用的形参
..\libuv\src\win\tty.c(2315,45): warning C4100: “loop”: 未引用的形参
..\libuv\src\win\tty.c(2346,70): warning C4100: “param”: 未引用的形参
..\libuv\src\win\tty.c(2400,57): warning C4100: “dwmsEventTime”: 未引用的形参
..\libuv\src\win\tty.c(2399,57): warning C4100: “dwEventThread”: 未引用的形参
..\libuv\src\win\tty.c(2398,56): warning C4100: “idChild”: 未引用的形参
..\libuv\src\win\tty.c(2397,56): warning C4100: “idObject”: 未引用的形参
..\libuv\src\win\tty.c(2396,56): warning C4100: “hwnd”: 未引用的形参
..\libuv\src\win\tty.c(2395,57): warning C4100: “event”: 未引用的形参
..\libuv\src\win\tty.c(2394,65): warning C4100: “hWinEventHook”: 未引用的形参
..\libuv\src\win\tty.c(2404,65): warning C4100: “param”: 未引用的形参
  udp.c
D:\work\github\ppshuai_async_redis_cluster\src\async_redis_cluster\ThirdParty\libuv\libuv\src\win\winapi.h(4159,6): warning C4201: 使用了非标准扩展: 无名称的结构/联合
D:\work\github\ppshuai_async_redis_cluster\src\async_redis_cluster\ThirdParty\libuv\libuv\src\win\winapi.h(4167,4): warning C4201: 使用了非标准扩展: 无名称的结构/联合
..\libuv\src\win\udp.c(130,30): warning C4100: “flags”: 未引用的形参
..\libuv\src\win\udp.c(183,33): warning C4100: “loop”: 未引用的形参
..\libuv\src\win\udp.c(192,43): warning C4100: “handle”: 未引用的形参
..\libuv\src\win\udp.c(760,67): warning C4210: 使用了非标准扩展: 函数给定文件范围
  util.c
D:\work\github\ppshuai_async_redis_cluster\src\async_redis_cluster\ThirdParty\libuv\libuv\src\win\winapi.h(4159,6): warning C4201: 使用了非标准扩展: 无名称的结构/联合
D:\work\github\ppshuai_async_redis_cluster\src\async_redis_cluster\ThirdParty\libuv\libuv\src\win\winapi.h(4167,4): warning C4201: 使用了非标准扩展: 无名称的结构/联合
..\libuv\src\win\util.c(277,36): warning C4267: “函数”: 从“size_t”转换到“int”，可能丢失数据
..\libuv\src\win\util.c(290,40): warning C4133: “函数”: 从“size_t *”到“DWORD *”的类型不兼容
..\libuv\src\win\util.c(341,15): warning C4245: “return”: 从“int”转换到“uint64_t”，有符号/无符号不匹配
..\libuv\src\win\util.c(353,14): warning C4245: “return”: 从“int”转换到“uint64_t”，有符号/无符号不匹配
..\libuv\src\win\util.c(393,26): warning C4100: “argc”: 未引用的形参
..\libuv\src\win\util.c(617,11): warning C4996: '_snwprintf': This function or variable may be unsafe. Consider using _snwprintf_s instead. To disable deprecation, use _CRT_SECURE_NO_WARNINGS. See online help for details.
..\libuv\src\win\util.c(706,3): warning C4244: “函数”: 从“int”转换到“BYTE”，可能丢失数据
..\libuv\src\win\util.c(707,3): warning C4244: “函数”: 从“int”转换到“BYTE”，可能丢失数据
..\libuv\src\win\util.c(708,3): warning C4244: “函数”: 从“int”转换到“BYTE”，可能丢失数据
..\libuv\src\win\util.c(709,3): warning C4244: “函数”: 从“int”转换到“BYTE”，可能丢失数据
..\libuv\src\win\util.c(1029,9): warning C4100: “count”: 未引用的形参
..\libuv\src\win\util.c(1146,26): warning C4267: “函数”: 从“size_t”转换到“DWORD”，可能丢失数据
..\libuv\src\win\util.c(1179,38): warning C4267: “函数”: 从“size_t”转换到“int”，可能丢失数据
..\libuv\src\win\util.c(1365,16): warning C4245: “=”: 从“int”转换到“unsigned long”，有符号/无符号不匹配
..\libuv\src\win\util.c(1366,16): warning C4245: “=”: 从“int”转换到“unsigned long”，有符号/无符号不匹配
..\libuv\src\win\util.c(1481,21): warning C4267: “=”: 从“size_t”转换到“DWORD”，可能丢失数据
..\libuv\src\win\util.c(1519,38): warning C4267: “函数”: 从“size_t”转换到“int”，可能丢失数据
..\libuv\src\win\util.c(1866,51): warning C4244: “=”: 从“int”转换到“char”，可能丢失数据
..\libuv\src\win\util.c(1754,9): warning C4996: 'GetVersionExW': 被声明为已否决
..\libuv\src\win\util.c(1925,36): warning C4267: “函数”: 从“size_t”转换到“ULONG”，可能丢失数据
  winapi.c
D:\work\github\ppshuai_async_redis_cluster\src\async_redis_cluster\ThirdParty\libuv\libuv\src\win\winapi.h(4159,6): warning C4201: 使用了非标准扩展: 无名称的结构/联合
D:\work\github\ppshuai_async_redis_cluster\src\async_redis_cluster\ThirdParty\libuv\libuv\src\win\winapi.h(4167,4): warning C4201: 使用了非标准扩展: 无名称的结构/联合
  winsock.c
D:\work\github\ppshuai_async_redis_cluster\src\async_redis_cluster\ThirdParty\libuv\libuv\src\win\winapi.h(4159,6): warning C4201: 使用了非标准扩展: 无名称的结构/联合
D:\work\github\ppshuai_async_redis_cluster\src\async_redis_cluster\ThirdParty\libuv\libuv\src\win\winapi.h(4167,4): warning C4201: 使用了非标准扩展: 无名称的结构/联合
  正在生成代码...
D:\work\github\ppshuai_async_redis_cluster\src\async_redis_cluster\ThirdParty\libuv\libuv\src\win\winsock.c(518): warning C4701: 使用了可能未初始化的局部变量“iosb”
D:\work\github\ppshuai_async_redis_cluster\src\async_redis_cluster\ThirdParty\libuv\libuv\src\win\tty.c(2412): warning C4702: 无法访问的代码
D:\work\github\ppshuai_async_redis_cluster\src\async_redis_cluster\ThirdParty\libuv\libuv\src\win\process-stdio.c(260): warning C4701: 使用了可能未初始化的局部变量“fdopt”
D:\work\github\ppshuai_async_redis_cluster\src\async_redis_cluster\ThirdParty\libuv\libuv\src\win\thread.c(346): warning C4702: 无法访问的代码
D:\work\github\ppshuai_async_redis_cluster\src\async_redis_cluster\ThirdParty\libuv\libuv\src\win\pipe.c(807): warning C4701: 使用了可能未初始化的局部变量“duplex_flags”
  uv_a.vcxproj -> D:\work\github\ppshuai_async_redis_cluster\src\async_redis_cluster\x64\Debug\uv_a.lib
